#! /c/Source/iverilog-install/bin/vvp
:ivl_version "12.0 (devel)" "(s20150603-1539-g2693dd32b)";
:ivl_delay_selection "TYPICAL";
:vpi_time_precision + 0;
:vpi_module "C:\iverilog\lib\ivl\system.vpi";
:vpi_module "C:\iverilog\lib\ivl\vhdl_sys.vpi";
:vpi_module "C:\iverilog\lib\ivl\vhdl_textio.vpi";
:vpi_module "C:\iverilog\lib\ivl\v2005_math.vpi";
:vpi_module "C:\iverilog\lib\ivl\va_math.vpi";
S_000001f849586510 .scope module, "voting_machine" "voting_machine" 2 1;
 .timescale 0 0;
    .port_info 0 /INPUT 1 "clk";
    .port_info 1 /INPUT 1 "rst";
    .port_info 2 /INPUT 1 "i_candidate_1";
    .port_info 3 /INPUT 1 "i_candidate_2";
    .port_info 4 /INPUT 1 "i_candidate_3";
    .port_info 5 /INPUT 1 "i_voting_over";
    .port_info 6 /OUTPUT 32 "o_count1";
    .port_info 7 /OUTPUT 32 "o_count2";
    .port_info 8 /OUTPUT 32 "o_count3";
P_000001f8495866a0 .param/l "finish" 0 2 5, C4<11>;
P_000001f8495866d8 .param/l "hold" 0 2 4, C4<10>;
P_000001f849586710 .param/l "idle" 0 2 2, C4<00>;
P_000001f849586748 .param/l "vote" 0 2 3, C4<01>;
o000001f8495e5fd8 .functor BUFZ 1, C4<z>; HiZ drive
v000001f849586830_0 .net "clk", 0 0, o000001f8495e5fd8;  0 drivers
o000001f8495e6008 .functor BUFZ 1, C4<z>; HiZ drive
v000001f8495868d0_0 .net "i_candidate_1", 0 0, o000001f8495e6008;  0 drivers
o000001f8495e6038 .functor BUFZ 1, C4<z>; HiZ drive
v000001f8495d37b0_0 .net "i_candidate_2", 0 0, o000001f8495e6038;  0 drivers
o000001f8495e6068 .functor BUFZ 1, C4<z>; HiZ drive
v000001f8495d3850_0 .net "i_candidate_3", 0 0, o000001f8495e6068;  0 drivers
o000001f8495e6098 .functor BUFZ 1, C4<z>; HiZ drive
v000001f8495d38f0_0 .net "i_voting_over", 0 0, o000001f8495e6098;  0 drivers
v000001f8495d3990_0 .var "o_count1", 31 0;
v000001f8495d3a30_0 .var "o_count2", 31 0;
v000001f8495d3ad0_0 .var "o_count3", 31 0;
v000001f8495d3b70_0 .var "r_cand1_prev", 31 0;
v000001f8495d3c10_0 .var "r_cand2_prev", 31 0;
v000001f8495d3cb0_0 .var "r_cand3_prev", 31 0;
v000001f8495d3d50_0 .var "r_counter_1", 31 0;
v000001f8495d3df0_0 .var "r_counter_2", 31 0;
v000001f849632a70_0 .var "r_counter_3", 31 0;
v000001f849633790_0 .var "r_hold_count", 3 0;
v000001f849633290_0 .var "r_next_state", 1 0;
v000001f849633510_0 .var "r_present_state", 1 0;
o000001f8495e6308 .functor BUFZ 1, C4<z>; HiZ drive
v000001f849633330_0 .net "rst", 0 0, o000001f8495e6308;  0 drivers
E_000001f849589840/0 .event negedge, v000001f849633330_0;
E_000001f849589840/1 .event posedge, v000001f849586830_0;
E_000001f849589840 .event/or E_000001f849589840/0, E_000001f849589840/1;
    .scope S_000001f849586510;
T_0 ;
    %wait E_000001f849589840;
    %load/vec4 v000001f849633510_0;
    %dup/vec4;
    %pushi/vec4 0, 0, 2;
    %cmp/u;
    %jmp/1 T_0.0, 6;
    %dup/vec4;
    %pushi/vec4 1, 0, 2;
    %cmp/u;
    %jmp/1 T_0.1, 6;
    %dup/vec4;
    %pushi/vec4 2, 0, 2;
    %cmp/u;
    %jmp/1 T_0.2, 6;
    %dup/vec4;
    %pushi/vec4 3, 0, 2;
    %cmp/u;
    %jmp/1 T_0.3, 6;
    %pushi/vec4 0, 0, 32;
    %assign/vec4 v000001f8495d3d50_0, 0;
    %pushi/vec4 0, 0, 32;
    %assign/vec4 v000001f8495d3df0_0, 0;
    %pushi/vec4 0, 0, 32;
    %assign/vec4 v000001f849632a70_0, 0;
    %pushi/vec4 0, 0, 4;
    %assign/vec4 v000001f849633790_0, 0;
    %pushi/vec4 0, 0, 2;
    %assign/vec4 v000001f849633290_0, 0;
    %jmp T_0.5;
T_0.0 ;
    %load/vec4 v000001f849633330_0;
    %nor/r;
    %flag_set/vec4 8;
    %jmp/0xz  T_0.6, 8;
    %pushi/vec4 1, 0, 2;
    %assign/vec4 v000001f849633290_0, 0;
    %jmp T_0.7;
T_0.6 ;
    %pushi/vec4 0, 0, 32;
    %assign/vec4 v000001f8495d3d50_0, 0;
    %pushi/vec4 0, 0, 32;
    %assign/vec4 v000001f8495d3df0_0, 0;
    %pushi/vec4 0, 0, 32;
    %assign/vec4 v000001f849632a70_0, 0;
    %pushi/vec4 0, 0, 4;
    %assign/vec4 v000001f849633790_0, 0;
    %pushi/vec4 0, 0, 2;
    %assign/vec4 v000001f849633290_0, 0;
T_0.7 ;
    %jmp T_0.5;
T_0.1 ;
    %load/vec4 v000001f8495d38f0_0;
    %cmpi/e 1, 0, 1;
    %jmp/0xz  T_0.8, 4;
    %pushi/vec4 3, 0, 2;
    %assign/vec4 v000001f849633290_0, 0;
    %jmp T_0.9;
T_0.8 ;
    %load/vec4 v000001f8495868d0_0;
    %cmpi/e 0, 0, 1;
    %flag_get/vec4 4;
    %jmp/0 T_0.12, 4;
    %load/vec4 v000001f8495d3b70_0;
    %pushi/vec4 1, 0, 32;
    %cmp/e;
    %flag_get/vec4 4;
    %and;
T_0.12;
    %flag_set/vec4 8;
    %jmp/0xz  T_0.10, 8;
    %load/vec4 v000001f8495d3d50_0;
    %addi 1, 0, 32;
    %assign/vec4 v000001f8495d3d50_0, 0;
    %pushi/vec4 2, 0, 2;
    %assign/vec4 v000001f849633290_0, 0;
    %jmp T_0.11;
T_0.10 ;
    %load/vec4 v000001f8495d37b0_0;
    %cmpi/e 0, 0, 1;
    %flag_get/vec4 4;
    %jmp/0 T_0.15, 4;
    %load/vec4 v000001f8495d3c10_0;
    %pushi/vec4 1, 0, 32;
    %cmp/e;
    %flag_get/vec4 4;
    %and;
T_0.15;
    %flag_set/vec4 8;
    %jmp/0xz  T_0.13, 8;
    %load/vec4 v000001f8495d3df0_0;
    %addi 1, 0, 32;
    %assign/vec4 v000001f8495d3df0_0, 0;
    %pushi/vec4 2, 0, 2;
    %assign/vec4 v000001f849633290_0, 0;
    %jmp T_0.14;
T_0.13 ;
    %load/vec4 v000001f8495d3850_0;
    %cmpi/e 0, 0, 1;
    %flag_get/vec4 4;
    %jmp/0 T_0.18, 4;
    %load/vec4 v000001f8495d3cb0_0;
    %pushi/vec4 1, 0, 32;
    %cmp/e;
    %flag_get/vec4 4;
    %and;
T_0.18;
    %flag_set/vec4 8;
    %jmp/0xz  T_0.16, 8;
    %load/vec4 v000001f849632a70_0;
    %addi 1, 0, 32;
    %assign/vec4 v000001f849632a70_0, 0;
    %pushi/vec4 2, 0, 2;
    %assign/vec4 v000001f849633290_0, 0;
    %jmp T_0.17;
T_0.16 ;
    %load/vec4 v000001f8495d3d50_0;
    %assign/vec4 v000001f8495d3d50_0, 0;
    %load/vec4 v000001f8495d3df0_0;
    %assign/vec4 v000001f8495d3df0_0, 0;
    %load/vec4 v000001f849632a70_0;
    %assign/vec4 v000001f849632a70_0, 0;
    %pushi/vec4 1, 0, 2;
    %assign/vec4 v000001f849633290_0, 0;
T_0.17 ;
T_0.14 ;
T_0.11 ;
T_0.9 ;
    %jmp T_0.5;
T_0.2 ;
    %load/vec4 v000001f8495d38f0_0;
    %cmpi/e 1, 0, 1;
    %jmp/0xz  T_0.19, 4;
    %pushi/vec4 3, 0, 2;
    %assign/vec4 v000001f849633290_0, 0;
    %jmp T_0.20;
T_0.19 ;
    %load/vec4 v000001f849633790_0;
    %cmpi/ne 15, 0, 4;
    %jmp/0xz  T_0.21, 4;
    %load/vec4 v000001f849633790_0;
    %addi 1, 0, 4;
    %store/vec4 v000001f849633790_0, 0, 4;
    %jmp T_0.22;
T_0.21 ;
    %pushi/vec4 1, 0, 2;
    %assign/vec4 v000001f849633290_0, 0;
T_0.22 ;
T_0.20 ;
    %jmp T_0.5;
T_0.3 ;
    %load/vec4 v000001f8495d38f0_0;
    %cmpi/e 0, 0, 1;
    %jmp/0xz  T_0.23, 4;
    %pushi/vec4 0, 0, 2;
    %assign/vec4 v000001f849633290_0, 0;
    %jmp T_0.24;
T_0.23 ;
    %pushi/vec4 3, 0, 2;
    %assign/vec4 v000001f849633290_0, 0;
T_0.24 ;
    %jmp T_0.5;
T_0.5 ;
    %pop/vec4 1;
    %jmp T_0;
    .thread T_0;
    .scope S_000001f849586510;
T_1 ;
    %wait E_000001f849589840;
    %load/vec4 v000001f849633330_0;
    %cmpi/e 1, 0, 1;
    %jmp/0xz  T_1.0, 4;
    %pushi/vec4 0, 0, 2;
    %assign/vec4 v000001f849633510_0, 0;
    %pushi/vec4 0, 0, 32;
    %assign/vec4 v000001f8495d3990_0, 0;
    %pushi/vec4 0, 0, 32;
    %assign/vec4 v000001f8495d3a30_0, 0;
    %pushi/vec4 0, 0, 32;
    %assign/vec4 v000001f8495d3ad0_0, 0;
    %pushi/vec4 0, 0, 4;
    %assign/vec4 v000001f849633790_0, 0;
    %jmp T_1.1;
T_1.0 ;
    %load/vec4 v000001f849633330_0;
    %cmpi/e 0, 0, 1;
    %flag_get/vec4 4;
    %jmp/0 T_1.4, 4;
    %load/vec4 v000001f8495d38f0_0;
    %pushi/vec4 1, 0, 1;
    %cmp/e;
    %flag_get/vec4 4;
    %and;
T_1.4;
    %flag_set/vec4 8;
    %jmp/0xz  T_1.2, 8;
    %load/vec4 v000001f8495d3d50_0;
    %assign/vec4 v000001f8495d3990_0, 0;
    %load/vec4 v000001f8495d3df0_0;
    %assign/vec4 v000001f8495d3a30_0, 0;
    %load/vec4 v000001f849632a70_0;
    %assign/vec4 v000001f8495d3ad0_0, 0;
    %jmp T_1.3;
T_1.2 ;
    %load/vec4 v000001f849633290_0;
    %assign/vec4 v000001f849633510_0, 0;
    %load/vec4 v000001f8495868d0_0;
    %pad/u 32;
    %assign/vec4 v000001f8495d3b70_0, 0;
    %load/vec4 v000001f8495d37b0_0;
    %pad/u 32;
    %assign/vec4 v000001f8495d3c10_0, 0;
    %load/vec4 v000001f8495d3850_0;
    %pad/u 32;
    %assign/vec4 v000001f8495d3cb0_0, 0;
T_1.3 ;
T_1.1 ;
    %jmp T_1;
    .thread T_1;
# The file index is used to find the file name in the following table.
:file_names 3;
    "N/A";
    "<interactive>";
    "evmmodule.v";
